[profile_100hz.pcd]
--------------------
[Visualization] >> Could not load the PCD file: /home/benlee/catkin_ws/src/Direct_machining_with_manipulator/tx90_path_planner/pcd_data/profile_100hz.pcd
[profile_100hz.pcd]
--------------------
[Visualization] >> Could not load the PCD file: /home/benlee/catkin_ws/src/Direct_machining_with_manipulator/tx90_path_planner/pcd_data/profile_100hz.pcd
[profile_100hz.pcd]
--------------------
[Visualization] >> Could not load the PCD file: /home/benlee/catkin_ws/src/Direct_machining_with_manipulator/tx90_path_planner/pcd_data/profile_100hz.pcd
[profile_100hz.pcd]
--------------------
[Visualization] >> Could not load the PCD file: /home/benlee/catkin_ws/src/Direct_machining_with_manipulator/tx90_path_planner/pcd_data/profile_100hz.pcd
[profile_hz.pcd]
--------------------
[Visualization] >> Could not load the PCD file: /home/benlee/catkin_ws/src/Direct_machining_with_manipulator/tx90_path_planner/pcd_data/profile_hz.pcd
[profile_hz.pcd]
--------------------
[Visualization] >> Could not load the PCD file: /home/benlee/catkin_ws/src/Direct_machining_with_manipulator/tx90_path_planner/pcd_data/profile_hz.pcd
[normal_surface.pcd]
--------------------
[Visualization] >> Could not load the PCD file: /home/benlee/catkin_ws/src/Direct_machining_with_manipulator/tx90_path_planner/pcd_data/normal_surface.pcd
[normal_surface.pcd]
--------------------
[Visualization] >> Could not load the PCD file: /home/benlee/catkin_ws/src/Direct_machining_with_manipulator/tx90_path_planner/pcd_data/normal_surface.pcd
[normal_surface.pcd]
--------------------
[Visualization] >> Could not load the PCD file: /home/benlee/catkin_ws/src/Direct_machining_with_manipulator/tx90_path_planner/pcd_data/normal_surface.pcd
[normal_surface.pcd]
--------------------
[Visualization] >> Could not load the PCD file: /home/benlee/catkin_ws/src/Direct_machining_with_manipulator/tx90_path_planner/pcd_data/normal_surface.pcd
[normal_surface.pcd]
--------------------
[Visualization] >> Could not load the PCD file: /home/benlee/catkin_ws/src/Direct_machining_with_manipulator/tx90_path_planner/pcd_data/normal_surface.pcd
[normal_surface.pcd]
--------------------
[Visualization] >> Could not load the PCD file: /home/benlee/catkin_ws/src/Direct_machining_with_manipulator/tx90_path_planner/pcd_data/normal_surface.pcd
[normal_surface.pcd]
--------------------
[Visualization] >> Could not load the PCD file: /home/benlee/catkin_ws/src/Direct_machining_with_manipulator/tx90_path_planner/pcd_data/normal_surface.pcd
[normal_surface.pcd]
--------------------
[Visualization] >> Could not load the PCD file: /home/benlee/catkin_ws/src/Direct_machining_with_manipulator/tx90_path_planner/pcd_data/normal_surface.pcd
[normal_surface.pcd]
--------------------
[Visualization] >> Could not load the PCD file: /home/benlee/catkin_ws/src/Direct_machining_with_manipulator/tx90_path_planner/pcd_data/normal_surface.pcd
[normal_surface.pcd]
--------------------
[Visualization] >> Could not load the PCD file: /home/benlee/catkin_ws/src/Direct_machining_with_manipulator/tx90_path_planner/pcd_data/normal_surface.pcd
[normal_surface.pcd]
--------------------
[Visualization] >> Could not load the PCD file: /home/benlee/catkin_ws/src/Direct_machining_with_manipulator/tx90_path_planner/pcd_data/normal_surface.pcd
[normal_surface.pcd]
--------------------
[Visualization] >> Could not load the PCD file: /home/benlee/catkin_ws/src/Direct_machining_with_manipulator/tx90_path_planner/pcd_data/normal_surface.pcd
